<?xml version="1.0" encoding="UTF-8"?>
<!-- Generated by org.testng.reporters.JUnitXMLReporter -->
<testsuite ignored="0" hostname="LAPTOP-AG5INDCS" failures="0" tests="1" name="Default test" time="0.156" errors="0" timestamp="2022-01-31T12:01:00 IST">
  <testcase classname="test.TestNG2" name="@BeforeTest LaunchBrowser" time="-1.643610660272E9">
    <failure type="org.testng.TestNGException" message="
Parameter &amp;apos;browser&amp;apos; is required by BeforeTest on method LaunchBrowser but has not been marked @Optional or defined
in C:\Users\patil\AppData\Local\Temp\testng-eclipse--2078885084\testng-customsuite.xml">
      <![CDATA[org.testng.TestNGException: 
Parameter 'browser' is required by BeforeTest on method LaunchBrowser but has not been marked @Optional or defined
in C:\Users\patil\AppData\Local\Temp\testng-eclipse--2078885084\testng-customsuite.xml
at org.testng.internal.Parameters.createParams(Parameters.java:268)
at org.testng.internal.Parameters.createParametersForMethod(Parameters.java:356)
at org.testng.internal.Parameters.createParameters(Parameters.java:700)
at org.testng.internal.Parameters.createConfigurationParameters(Parameters.java:166)
at org.testng.internal.ConfigInvoker.invokeConfigurations(ConfigInvoker.java:301)
at org.testng.TestRunner.invokeTestConfigurations(TestRunner.java:617)
at org.testng.TestRunner.beforeRun(TestRunner.java:607)
at org.testng.TestRunner.run(TestRunner.java:578)
at org.testng.SuiteRunner.runTest(SuiteRunner.java:384)
at org.testng.SuiteRunner.runSequentially(SuiteRunner.java:378)
at org.testng.SuiteRunner.privateRun(SuiteRunner.java:337)
at org.testng.SuiteRunner.run(SuiteRunner.java:286)
at org.testng.SuiteRunnerWorker.runSuite(SuiteRunnerWorker.java:53)
at org.testng.SuiteRunnerWorker.run(SuiteRunnerWorker.java:96)
at org.testng.TestNG.runSuitesSequentially(TestNG.java:1218)
at org.testng.TestNG.runSuitesLocally(TestNG.java:1140)
at org.testng.TestNG.runSuites(TestNG.java:1069)
at org.testng.TestNG.run(TestNG.java:1037)
at org.testng.remote.AbstractRemoteTestNG.run(AbstractRemoteTestNG.java:115)
at org.testng.remote.RemoteTestNG.initAndRun(RemoteTestNG.java:251)
at org.testng.remote.RemoteTestNG.main(RemoteTestNG.java:77)
]]>
    </failure>
  </testcase> <!-- @BeforeTest LaunchBrowser -->
  <testcase classname="test.TestNG2" name="@BeforeClass LaunchBrower" time="-1.643610660336E9">
    <skipped/>
  </testcase> <!-- @BeforeClass LaunchBrower -->
  <testcase classname="test.TestNG2" name="@BeforeMethod LaunchlinkActi" time="-1.643610660375E9">
    <skipped/>
  </testcase> <!-- @BeforeMethod LaunchlinkActi -->
  <testcase classname="test.TestNG2" name="@AfterMethod logoutFiel" time="-1.643610660395E9">
    <skipped/>
  </testcase> <!-- @AfterMethod logoutFiel -->
  <testcase classname="test.TestNG2" name="@AfterClass AfterClas" time="-1.643610660402E9">
    <skipped/>
  </testcase> <!-- @AfterClass AfterClas -->
  <testcase classname="test.TestNG2" name="@AfterTest closeBrowser" time="-1.643610660413E9">
    <skipped/>
  </testcase> <!-- @AfterTest closeBrowser -->
  <testcase classname="test.TestNG2" name="VerifyUserTab" time="0.0">
    <skipped/>
  </testcase> <!-- VerifyUserTab -->
</testsuite> <!-- Default test -->
